#
# A fatal error has been detected by the Java Runtime Environment:
#
# java.lang.OutOfMemoryError: Cannot create GC thread. Out of system resources.
#
#  Internal Error (gcTaskThread.cpp:38), pid=29019, tid=3079050944
#  Error: Cannot create GC thread. Out of system resources.
#
# JRE version: 6.0_20-b20
# Java VM: OpenJDK Server VM (19.0-b09 mixed mode linux-x86 )
# Derivative: IcedTea6 1.9.8
# Distribution: Red Hat Enterprise Linux Server release 6.1 (Santiago), package rhel-1.39.1.9.8.el6_1-i386
# If you would like to submit a bug report, please include
# instructions how to reproduce the bug and visit:
#   http://icedtea.classpath.org/bugzilla
#

---------------  T H R E A D  ---------------

Current thread (0x08363400):  JavaThread "Unknown thread" [_thread_in_vm, id=29019, stack(0xbfd1f000,0xbfd6f000)]

Stack: [0xbfd1f000,0xbfd6f000],  sp=0xbfd69790,  free space=297k
Native frames: (J=compiled Java code, j=interpreted, Vv=VM code, C=native code)
V  [libjvm.so+0x61b5af]
V  [libjvm.so+0x61b7f1]
V  [libjvm.so+0x27efce]
V  [libjvm.so+0x303827]
V  [libjvm.so+0x30261c]
V  [libjvm.so+0x3027b8]
V  [libjvm.so+0x511357]
V  [libjvm.so+0x5f722f]
V  [libjvm.so+0x5f9245]
V  [libjvm.so+0x33cf50]
V  [libjvm.so+0x5e6fcc]
V  [libjvm.so+0x3760f1]
C  [java+0x2138]  JavaMain+0x88
C  [java+0x4af1]
C  [java+0x3981]
C  [libc.so.6+0x16cc6]  __libc_start_main+0xe6


---------------  P R O C E S S  ---------------

Java Threads: ( => current thread )

Other Threads:

=>0x08363400 (exited) JavaThread "Unknown thread" [_thread_in_vm, id=29019, stack(0xbfd1f000,0xbfd6f000)]

VM state:not at safepoint (not fully initialized)

VM Mutex/Monitor currently owned by a thread: None

Dynamic libraries:
00110000-0029a000 r-xp 00000000 08:01 570055     /lib/libc-2.12.so
0029a000-0029c000 r--p 0018a000 08:01 570055     /lib/libc-2.12.so
0029c000-0029d000 rw-p 0018c000 08:01 570055     /lib/libc-2.12.so
0029d000-002a0000 rw-p 00000000 00:00 0 
002a0000-002c8000 r-xp 00000000 08:01 570062     /lib/libm-2.12.so
002c8000-002c9000 r--p 00027000 08:01 570062     /lib/libm-2.12.so
002c9000-002ca000 rw-p 00028000 08:01 570062     /lib/libm-2.12.so
002ca000-002d1000 r-xp 00000000 08:01 570059     /lib/librt-2.12.so
002d1000-002d2000 r--p 00006000 08:01 570059     /lib/librt-2.12.so
002d2000-002d3000 rw-p 00007000 08:01 570059     /lib/librt-2.12.so
002d3000-002de000 r-xp 00000000 08:01 648069     /usr/lib/jvm/java-1.6.0-openjdk-1.6.0.0/jre/lib/i386/libverify.so
002de000-002df000 rw-p 0000b000 08:01 648069     /usr/lib/jvm/java-1.6.0-openjdk-1.6.0.0/jre/lib/i386/libverify.so
002df000-00301000 r-xp 00000000 08:01 648050     /usr/lib/jvm/java-1.6.0-openjdk-1.6.0.0/jre/lib/i386/libjava.so
00301000-00303000 rw-p 00022000 08:01 648050     /usr/lib/jvm/java-1.6.0-openjdk-1.6.0.0/jre/lib/i386/libjava.so
00303000-0030f000 r-xp 00000000 08:01 567528     /lib/libnss_files-2.12.so
0030f000-00310000 r--p 0000b000 08:01 567528     /lib/libnss_files-2.12.so
00310000-00311000 rw-p 0000c000 08:01 567528     /lib/libnss_files-2.12.so
00311000-0031b000 r-xp 00000000 08:01 570099     /lib/libnss_nis-2.12.so
0031b000-0031c000 r--p 00009000 08:01 570099     /lib/libnss_nis-2.12.so
0031c000-0031d000 rw-p 0000a000 08:01 570099     /lib/libnss_nis-2.12.so
0067d000-00683000 r-xp 00000000 08:01 648070     /usr/lib/jvm/java-1.6.0-openjdk-1.6.0.0/jre/lib/i386/libzip.so
00683000-00684000 rw-p 00005000 08:01 648070     /usr/lib/jvm/java-1.6.0-openjdk-1.6.0.0/jre/lib/i386/libzip.so
00756000-0075c000 r-xp 00000000 08:01 648071     /usr/lib/jvm/java-1.6.0-openjdk-1.6.0.0/jre/lib/i386/native_threads/libhpi.so
0075c000-0075d000 rw-p 00006000 08:01 648071     /usr/lib/jvm/java-1.6.0-openjdk-1.6.0.0/jre/lib/i386/native_threads/libhpi.so
007c9000-007e7000 r-xp 00000000 08:01 566993     /lib/ld-2.12.so
007e7000-007e8000 r--p 0001d000 08:01 566993     /lib/ld-2.12.so
007e8000-007e9000 rw-p 0001e000 08:01 566993     /lib/ld-2.12.so
00957000-00958000 r-xp 00000000 00:00 0          [vdso]
00981000-00984000 r-xp 00000000 08:01 651289     /usr/lib/jvm/java-1.6.0-openjdk-1.6.0.0/jre/lib/i386/jli/libjli.so
00984000-00985000 rw-p 00002000 08:01 651289     /usr/lib/jvm/java-1.6.0-openjdk-1.6.0.0/jre/lib/i386/jli/libjli.so
009ad000-009b0000 r-xp 00000000 08:01 570058     /lib/libdl-2.12.so
009b0000-009b1000 r--p 00002000 08:01 570058     /lib/libdl-2.12.so
009b1000-009b2000 rw-p 00003000 08:01 570058     /lib/libdl-2.12.so
009b4000-009cb000 r-xp 00000000 08:01 570056     /lib/libpthread-2.12.so
009cb000-009cc000 r--p 00016000 08:01 570056     /lib/libpthread-2.12.so
009cc000-009cd000 rw-p 00017000 08:01 570056     /lib/libpthread-2.12.so
009cd000-009cf000 rw-p 00000000 00:00 0 
009d1000-009e3000 r-xp 00000000 08:01 570057     /lib/libz.so.1.2.3
009e3000-009e4000 rw-p 00011000 08:01 570057     /lib/libz.so.1.2.3
009e4000-0107b000 r-xp 00000000 08:01 648076     /usr/lib/jvm/java-1.6.0-openjdk-1.6.0.0/jre/lib/i386/server/libjvm.so
0107b000-010cf000 rw-p 00696000 08:01 648076     /usr/lib/jvm/java-1.6.0-openjdk-1.6.0.0/jre/lib/i386/server/libjvm.so
010cf000-014ee000 rw-p 00000000 00:00 0 
056f5000-0570b000 r-xp 00000000 08:01 566214     /lib/libnsl-2.12.so
0570b000-0570c000 r--p 00016000 08:01 566214     /lib/libnsl-2.12.so
0570c000-0570d000 rw-p 00017000 08:01 566214     /lib/libnsl-2.12.so
0570d000-0570f000 rw-p 00000000 00:00 0 
08048000-08050000 r-xp 00000000 08:01 650995     /usr/lib/jvm/java-1.6.0-openjdk-1.6.0.0/bin/java
08050000-08052000 rw-p 00007000 08:01 650995     /usr/lib/jvm/java-1.6.0-openjdk-1.6.0.0/bin/java
0835d000-0837e000 rw-p 00000000 00:00 0          [heap]
7032e000-7032f000 ---p 00000000 00:00 0 
7032f000-703b7000 rw-p 00000000 00:00 0 
703b7000-703ef000 rw-p 00000000 00:00 0 
703ef000-70403000 rw-p 00000000 00:00 0 
70403000-7052f000 rw-p 00000000 00:00 0 
7052f000-70537000 rw-p 00000000 00:00 0 
70537000-7056f000 rw-p 00000000 00:00 0 
7056f000-70583000 rw-p 00000000 00:00 0 
70583000-706af000 rw-p 00000000 00:00 0 
706af000-706b9000 rw-p 00000000 00:00 0 
706b9000-7074f000 rw-p 00000000 00:00 0 
7074f000-71750000 rw-p 00000000 00:00 0 
71750000-78750000 rw-p 00000000 00:00 0 
78750000-7af50000 rw-p 00000000 00:00 0 
7af50000-a0750000 rw-p 00000000 00:00 0 
a0750000-a1b40000 rw-p 00000000 00:00 0 
a1b40000-b4750000 rw-p 00000000 00:00 0 
b4758000-b4761000 rw-p 00000000 00:00 0 
b4761000-b4818000 rw-p 00000000 00:00 0 
b4818000-b4a58000 rwxp 00000000 00:00 0 
b4a58000-b7818000 rw-p 00000000 00:00 0 
b7818000-b7819000 ---p 00000000 00:00 0 
b7819000-b786b000 rw-p 00000000 00:00 0 
b787d000-b7885000 rw-s 00000000 08:01 167820     /tmp/hsperfdata_eliot2/29019
b7885000-b7886000 rw-p 00000000 00:00 0 
b7886000-b7887000 r--p 00000000 00:00 0 
b7887000-b7888000 rw-p 00000000 00:00 0 
bfd1f000-bfd22000 ---p 00000000 00:00 0 
bfd23000-bfd6f000 rw-p 00000000 00:00 0          [stack]

VM Arguments:
jvm_args: -Dfile.encoding=UTF-8 
java_command: lab3.FractionDriver
Launcher Type: SUN_STANDARD

Environment Variables:
PATH=/afs/umbc.edu/users/e/l/eliot2/home/bin:/usr/bsd:/usr/bin:/bin:/usr/sbin:/sbin:/usr/bin/X11:/usr/local/X11:/etc:/usr/etc:.:/usr/kerberos/bin:/usr/k5/bin:/usr/afsws/bin:/bin:/usr/java/bin:/usr/local/bin
LD_LIBRARY_PATH=/usr/lib/jvm/java-1.6.0-openjdk-1.6.0.0/jre/lib/i386/server:/usr/lib/jvm/java-1.6.0-openjdk-1.6.0.0/jre/lib/i386:/usr/lib/jvm/java-1.6.0-openjdk-1.6.0.0/jre/../lib/i386:/usr/lib/jvm/java-1.6.0-openjdk-1.6.0.0/jre/lib/i386/client:/usr/lib/jvm/java-1.6.0-openjdk-1.6.0.0/jre/lib/i386:/usr/lib/xulrunner-1.9.2
SHELL=/bin/tcsh
DISPLAY=:0.0
HOSTTYPE=i386-linux
OSTYPE=linux
MACHTYPE=i386

Signal Handlers:
SIGSEGV: [libjvm.so+0x61c1b0], sa_mask[0]=0x7ffbfeff, sa_flags=0x10000004
SIGBUS: [libjvm.so+0x61c1b0], sa_mask[0]=0x7ffbfeff, sa_flags=0x10000004
SIGFPE: [libjvm.so+0x4fa860], sa_mask[0]=0x7ffbfeff, sa_flags=0x10000004
SIGPIPE: [libjvm.so+0x4fa860], sa_mask[0]=0x7ffbfeff, sa_flags=0x10000004
SIGXFSZ: [libjvm.so+0x4fa860], sa_mask[0]=0x7ffbfeff, sa_flags=0x10000004
SIGILL: [libjvm.so+0x4fa860], sa_mask[0]=0x7ffbfeff, sa_flags=0x10000004
SIGUSR1: SIG_DFL, sa_mask[0]=0x00000000, sa_flags=0x00000000
SIGUSR2: [libjvm.so+0x4f9f90], sa_mask[0]=0x00000004, sa_flags=0x10000004
SIGHUP: SIG_DFL, sa_mask[0]=0x00000000, sa_flags=0x00000000
SIGINT: SIG_DFL, sa_mask[0]=0x00000000, sa_flags=0x00000000
SIGTERM: SIG_DFL, sa_mask[0]=0x00000000, sa_flags=0x00000000
SIGQUIT: SIG_DFL, sa_mask[0]=0x00000000, sa_flags=0x00000000


---------------  S Y S T E M  ---------------

OS:Red Hat Enterprise Linux Workstation release 6.1 (Santiago)

uname:Linux 2.6.32-131.6.1.el6.i686 #1 SMP Mon Jun 20 14:14:56 EDT 2011 i686
libc:glibc 2.12 NPTL 2.12 
rlimit: STACK 10240k, CORE 0k, NPROC 150, NOFILE 1024, AS infinity
load average:0.00 0.01 0.00

/proc/meminfo:
MemTotal:        3924424 kB
MemFree:         2460852 kB
Buffers:          122048 kB
Cached:           884816 kB
SwapCached:            0 kB
Active:           908304 kB
Inactive:         393608 kB
Active(anon):     295588 kB
Inactive(anon):     5064 kB
Active(file):     612716 kB
Inactive(file):   388544 kB
Unevictable:           0 kB
Mlocked:               0 kB
HighTotal:       3192308 kB
HighFree:        1994912 kB
LowTotal:         732116 kB
LowFree:          465940 kB
SwapTotal:       4194296 kB
SwapFree:        4194296 kB
Dirty:               520 kB
Writeback:             0 kB
AnonPages:        295192 kB
Mapped:            84564 kB
Shmem:              5604 kB
Slab:             132460 kB
SReclaimable:      82016 kB
SUnreclaim:        50444 kB
KernelStack:        2984 kB
PageTables:         7416 kB
NFS_Unstable:          0 kB
Bounce:                0 kB
WritebackTmp:          0 kB
CommitLimit:     6156508 kB
Committed_AS:    1169816 kB
VmallocTotal:     122880 kB
VmallocUsed:       17652 kB
VmallocChunk:      99056 kB
HugePages_Total:       0
HugePages_Free:        0
HugePages_Rsvd:        0
HugePages_Surp:        0
Hugepagesize:       2048 kB
DirectMap4k:       10232 kB
DirectMap2M:      897024 kB


CPU:total 4 (2 cores per cpu, 2 threads per core) family 6 model 42 stepping 7, cmov, cx8, fxsr, mmx, sse, sse2, sse3, ssse3, sse4.1, sse4.2, popcnt, ht

Memory: 4k page, physical 3924424k(2460852k free), swap 4194296k(4194296k free)

vm_info: OpenJDK Server VM (19.0-b09) for linux-x86 JRE (1.6.0_20-b20), built on Jun  3 2011 14:48:28 by "mockbuild" with gcc 4.4.5 20110214 (Red Hat 4.4.5-6)

time: Tue Sep 25 12:25:19 2012
elapsed time: 0 seconds

