#
# A fatal error has been detected by the Java Runtime Environment:
#
# java.lang.OutOfMemoryError: Cannot create GC thread. Out of system resources.
#
#  Internal Error (gcTaskThread.cpp:38), pid=28813, tid=3078563520
#  Error: Cannot create GC thread. Out of system resources.
#
# JRE version: 6.0_20-b20
# Java VM: OpenJDK Server VM (19.0-b09 mixed mode linux-x86 )
# Derivative: IcedTea6 1.9.8
# Distribution: Red Hat Enterprise Linux Server release 6.1 (Santiago), package rhel-1.39.1.9.8.el6_1-i386
# If you would like to submit a bug report, please include
# instructions how to reproduce the bug and visit:
#   http://icedtea.classpath.org/bugzilla
#

---------------  T H R E A D  ---------------

Current thread (0x08153400):  JavaThread "Unknown thread" [_thread_in_vm, id=28813, stack(0xbfe06000,0xbfe56000)]

Stack: [0xbfe06000,0xbfe56000],  sp=0xbfe50560,  free space=297k
Native frames: (J=compiled Java code, j=interpreted, Vv=VM code, C=native code)
V  [libjvm.so+0x61b5af]
V  [libjvm.so+0x61b7f1]
V  [libjvm.so+0x27efce]
V  [libjvm.so+0x303827]
V  [libjvm.so+0x30261c]
V  [libjvm.so+0x3027b8]
V  [libjvm.so+0x511357]
V  [libjvm.so+0x5f722f]
V  [libjvm.so+0x5f9245]
V  [libjvm.so+0x33cf50]
V  [libjvm.so+0x5e6fcc]
V  [libjvm.so+0x3760f1]
C  [java+0x2138]  JavaMain+0x88
C  [java+0x4af1]
C  [java+0x3981]
C  [libc.so.6+0x16cc6]  __libc_start_main+0xe6


---------------  P R O C E S S  ---------------

Java Threads: ( => current thread )

Other Threads:

=>0x08153400 (exited) JavaThread "Unknown thread" [_thread_in_vm, id=28813, stack(0xbfe06000,0xbfe56000)]

VM state:not at safepoint (not fully initialized)

VM Mutex/Monitor currently owned by a thread: None

Dynamic libraries:
00110000-00138000 r-xp 00000000 08:01 570062     /lib/libm-2.12.so
00138000-00139000 r--p 00027000 08:01 570062     /lib/libm-2.12.so
00139000-0013a000 rw-p 00028000 08:01 570062     /lib/libm-2.12.so
0013a000-00141000 r-xp 00000000 08:01 570059     /lib/librt-2.12.so
00141000-00142000 r--p 00006000 08:01 570059     /lib/librt-2.12.so
00142000-00143000 rw-p 00007000 08:01 570059     /lib/librt-2.12.so
00143000-00165000 r-xp 00000000 08:01 648050     /usr/lib/jvm/java-1.6.0-openjdk-1.6.0.0/jre/lib/i386/libjava.so
00165000-00167000 rw-p 00022000 08:01 648050     /usr/lib/jvm/java-1.6.0-openjdk-1.6.0.0/jre/lib/i386/libjava.so
00167000-0016d000 r-xp 00000000 08:01 648071     /usr/lib/jvm/java-1.6.0-openjdk-1.6.0.0/jre/lib/i386/native_threads/libhpi.so
0016d000-0016e000 rw-p 00006000 08:01 648071     /usr/lib/jvm/java-1.6.0-openjdk-1.6.0.0/jre/lib/i386/native_threads/libhpi.so
0016e000-0017a000 r-xp 00000000 08:01 567528     /lib/libnss_files-2.12.so
0017a000-0017b000 r--p 0000b000 08:01 567528     /lib/libnss_files-2.12.so
0017b000-0017c000 rw-p 0000c000 08:01 567528     /lib/libnss_files-2.12.so
0017c000-00186000 r-xp 00000000 08:01 570099     /lib/libnss_nis-2.12.so
00186000-00187000 r--p 00009000 08:01 570099     /lib/libnss_nis-2.12.so
00187000-00188000 rw-p 0000a000 08:01 570099     /lib/libnss_nis-2.12.so
001b8000-001b9000 r-xp 00000000 00:00 0          [vdso]
0036c000-00372000 r-xp 00000000 08:01 648070     /usr/lib/jvm/java-1.6.0-openjdk-1.6.0.0/jre/lib/i386/libzip.so
00372000-00373000 rw-p 00005000 08:01 648070     /usr/lib/jvm/java-1.6.0-openjdk-1.6.0.0/jre/lib/i386/libzip.so
006e4000-006ef000 r-xp 00000000 08:01 648069     /usr/lib/jvm/java-1.6.0-openjdk-1.6.0.0/jre/lib/i386/libverify.so
006ef000-006f0000 rw-p 0000b000 08:01 648069     /usr/lib/jvm/java-1.6.0-openjdk-1.6.0.0/jre/lib/i386/libverify.so
007c9000-007e7000 r-xp 00000000 08:01 566993     /lib/ld-2.12.so
007e7000-007e8000 r--p 0001d000 08:01 566993     /lib/ld-2.12.so
007e8000-007e9000 rw-p 0001e000 08:01 566993     /lib/ld-2.12.so
007ef000-00979000 r-xp 00000000 08:01 570055     /lib/libc-2.12.so
00979000-0097b000 r--p 0018a000 08:01 570055     /lib/libc-2.12.so
0097b000-0097c000 rw-p 0018c000 08:01 570055     /lib/libc-2.12.so
0097c000-0097f000 rw-p 00000000 00:00 0 
00981000-00984000 r-xp 00000000 08:01 651289     /usr/lib/jvm/java-1.6.0-openjdk-1.6.0.0/jre/lib/i386/jli/libjli.so
00984000-00985000 rw-p 00002000 08:01 651289     /usr/lib/jvm/java-1.6.0-openjdk-1.6.0.0/jre/lib/i386/jli/libjli.so
009ad000-009b0000 r-xp 00000000 08:01 570058     /lib/libdl-2.12.so
009b0000-009b1000 r--p 00002000 08:01 570058     /lib/libdl-2.12.so
009b1000-009b2000 rw-p 00003000 08:01 570058     /lib/libdl-2.12.so
009b4000-009cb000 r-xp 00000000 08:01 570056     /lib/libpthread-2.12.so
009cb000-009cc000 r--p 00016000 08:01 570056     /lib/libpthread-2.12.so
009cc000-009cd000 rw-p 00017000 08:01 570056     /lib/libpthread-2.12.so
009cd000-009cf000 rw-p 00000000 00:00 0 
009d1000-009e3000 r-xp 00000000 08:01 570057     /lib/libz.so.1.2.3
009e3000-009e4000 rw-p 00011000 08:01 570057     /lib/libz.so.1.2.3
009e4000-0107b000 r-xp 00000000 08:01 648076     /usr/lib/jvm/java-1.6.0-openjdk-1.6.0.0/jre/lib/i386/server/libjvm.so
0107b000-010cf000 rw-p 00696000 08:01 648076     /usr/lib/jvm/java-1.6.0-openjdk-1.6.0.0/jre/lib/i386/server/libjvm.so
010cf000-014ee000 rw-p 00000000 00:00 0 
056f5000-0570b000 r-xp 00000000 08:01 566214     /lib/libnsl-2.12.so
0570b000-0570c000 r--p 00016000 08:01 566214     /lib/libnsl-2.12.so
0570c000-0570d000 rw-p 00017000 08:01 566214     /lib/libnsl-2.12.so
0570d000-0570f000 rw-p 00000000 00:00 0 
08048000-08050000 r-xp 00000000 08:01 650995     /usr/lib/jvm/java-1.6.0-openjdk-1.6.0.0/bin/java
08050000-08052000 rw-p 00007000 08:01 650995     /usr/lib/jvm/java-1.6.0-openjdk-1.6.0.0/bin/java
0814d000-0816e000 rw-p 00000000 00:00 0          [heap]
702be000-702bf000 ---p 00000000 00:00 0 
702bf000-70347000 rw-p 00000000 00:00 0 
70347000-7037f000 rw-p 00000000 00:00 0 
7037f000-70393000 rw-p 00000000 00:00 0 
70393000-704bf000 rw-p 00000000 00:00 0 
704bf000-704c7000 rw-p 00000000 00:00 0 
704c7000-704ff000 rw-p 00000000 00:00 0 
704ff000-70513000 rw-p 00000000 00:00 0 
70513000-7063f000 rw-p 00000000 00:00 0 
7063f000-70649000 rw-p 00000000 00:00 0 
70649000-706df000 rw-p 00000000 00:00 0 
706df000-716e0000 rw-p 00000000 00:00 0 
716e0000-786e0000 rw-p 00000000 00:00 0 
786e0000-7aee0000 rw-p 00000000 00:00 0 
7aee0000-a06e0000 rw-p 00000000 00:00 0 
a06e0000-a1ad0000 rw-p 00000000 00:00 0 
a1ad0000-b46e0000 rw-p 00000000 00:00 0 
b46e1000-b46ea000 rw-p 00000000 00:00 0 
b46ea000-b47a1000 rw-p 00000000 00:00 0 
b47a1000-b49e1000 rwxp 00000000 00:00 0 
b49e1000-b77a1000 rw-p 00000000 00:00 0 
b77a1000-b77a2000 ---p 00000000 00:00 0 
b77a2000-b77f4000 rw-p 00000000 00:00 0 
b7806000-b780e000 rw-s 00000000 08:01 167820     /tmp/hsperfdata_eliot2/28813
b780e000-b780f000 rw-p 00000000 00:00 0 
b780f000-b7810000 r--p 00000000 00:00 0 
b7810000-b7811000 rw-p 00000000 00:00 0 
bfe06000-bfe09000 ---p 00000000 00:00 0 
bfe0a000-bfe56000 rw-p 00000000 00:00 0          [stack]

VM Arguments:
jvm_args: -Dfile.encoding=UTF-8 
java_command: lab3.FractionDriver
Launcher Type: SUN_STANDARD

Environment Variables:
PATH=/afs/umbc.edu/users/e/l/eliot2/home/bin:/usr/bsd:/usr/bin:/bin:/usr/sbin:/sbin:/usr/bin/X11:/usr/local/X11:/etc:/usr/etc:.:/usr/kerberos/bin:/usr/k5/bin:/usr/afsws/bin:/bin:/usr/java/bin:/usr/local/bin
LD_LIBRARY_PATH=/usr/lib/jvm/java-1.6.0-openjdk-1.6.0.0/jre/lib/i386/server:/usr/lib/jvm/java-1.6.0-openjdk-1.6.0.0/jre/lib/i386:/usr/lib/jvm/java-1.6.0-openjdk-1.6.0.0/jre/../lib/i386:/usr/lib/jvm/java-1.6.0-openjdk-1.6.0.0/jre/lib/i386/client:/usr/lib/jvm/java-1.6.0-openjdk-1.6.0.0/jre/lib/i386:/usr/lib/xulrunner-1.9.2
SHELL=/bin/tcsh
DISPLAY=:0.0
HOSTTYPE=i386-linux
OSTYPE=linux
MACHTYPE=i386

Signal Handlers:
SIGSEGV: [libjvm.so+0x61c1b0], sa_mask[0]=0x7ffbfeff, sa_flags=0x10000004
SIGBUS: [libjvm.so+0x61c1b0], sa_mask[0]=0x7ffbfeff, sa_flags=0x10000004
SIGFPE: [libjvm.so+0x4fa860], sa_mask[0]=0x7ffbfeff, sa_flags=0x10000004
SIGPIPE: [libjvm.so+0x4fa860], sa_mask[0]=0x7ffbfeff, sa_flags=0x10000004
SIGXFSZ: [libjvm.so+0x4fa860], sa_mask[0]=0x7ffbfeff, sa_flags=0x10000004
SIGILL: [libjvm.so+0x4fa860], sa_mask[0]=0x7ffbfeff, sa_flags=0x10000004
SIGUSR1: SIG_DFL, sa_mask[0]=0x00000000, sa_flags=0x00000000
SIGUSR2: [libjvm.so+0x4f9f90], sa_mask[0]=0x00000004, sa_flags=0x10000004
SIGHUP: SIG_DFL, sa_mask[0]=0x00000000, sa_flags=0x00000000
SIGINT: SIG_DFL, sa_mask[0]=0x00000000, sa_flags=0x00000000
SIGTERM: SIG_DFL, sa_mask[0]=0x00000000, sa_flags=0x00000000
SIGQUIT: SIG_DFL, sa_mask[0]=0x00000000, sa_flags=0x00000000


---------------  S Y S T E M  ---------------

OS:Red Hat Enterprise Linux Workstation release 6.1 (Santiago)

uname:Linux 2.6.32-131.6.1.el6.i686 #1 SMP Mon Jun 20 14:14:56 EDT 2011 i686
libc:glibc 2.12 NPTL 2.12 
rlimit: STACK 10240k, CORE 0k, NPROC 150, NOFILE 1024, AS infinity
load average:0.01 0.03 0.00

/proc/meminfo:
MemTotal:        3924424 kB
MemFree:         2461396 kB
Buffers:          120840 kB
Cached:           893380 kB
SwapCached:            0 kB
Active:           895544 kB
Inactive:         407520 kB
Active(anon):     289460 kB
Inactive(anon):     5060 kB
Active(file):     606084 kB
Inactive(file):   402460 kB
Unevictable:           0 kB
Mlocked:               0 kB
HighTotal:       3192308 kB
HighFree:        1992804 kB
LowTotal:         732116 kB
LowFree:          468592 kB
SwapTotal:       4194296 kB
SwapFree:        4194296 kB
Dirty:              1004 kB
Writeback:             0 kB
AnonPages:        289176 kB
Mapped:            83996 kB
Shmem:              5604 kB
Slab:             131268 kB
SReclaimable:      80480 kB
SUnreclaim:        50788 kB
KernelStack:        2976 kB
PageTables:         7324 kB
NFS_Unstable:          0 kB
Bounce:                0 kB
WritebackTmp:          0 kB
CommitLimit:     6156508 kB
Committed_AS:    1171456 kB
VmallocTotal:     122880 kB
VmallocUsed:       17652 kB
VmallocChunk:      99056 kB
HugePages_Total:       0
HugePages_Free:        0
HugePages_Rsvd:        0
HugePages_Surp:        0
Hugepagesize:       2048 kB
DirectMap4k:       10232 kB
DirectMap2M:      897024 kB


CPU:total 4 (2 cores per cpu, 2 threads per core) family 6 model 42 stepping 7, cmov, cx8, fxsr, mmx, sse, sse2, sse3, ssse3, sse4.1, sse4.2, popcnt, ht

Memory: 4k page, physical 3924424k(2461396k free), swap 4194296k(4194296k free)

vm_info: OpenJDK Server VM (19.0-b09) for linux-x86 JRE (1.6.0_20-b20), built on Jun  3 2011 14:48:28 by "mockbuild" with gcc 4.4.5 20110214 (Red Hat 4.4.5-6)

time: Tue Sep 25 12:22:54 2012
elapsed time: 0 seconds

